========= Construction =========
RKDTree: 
   Time: 31.848
KDTree: 
   Time: 5.055
========== Execution ==========
RKDTree: 
Visited nodes:50000
   Time: 0.267
   Distance: 5088.72
KDTree: 
Visited nodes:100000
   Time: 0.257
   Distance: 5088.72
Difference: 0
--------------------------------
RKDTree: 
Visited nodes:50000
   Time: 0.265
   Distance: 5690.08
KDTree: 
Visited nodes:100000
   Time: 0.251
   Distance: 5519.92
Difference: 170.16
--------------------------------
RKDTree: 
Visited nodes:50000
   Time: 0.265
   Distance: 5194.58
KDTree: 
Visited nodes:100000
   Time: 0.25
   Distance: 5087.64
Difference: 106.937
--------------------------------
RKDTree: 
Visited nodes:50000
   Time: 0.257
   Distance: 5005.36
KDTree: 
Visited nodes:100000
   Time: 0.252
   Distance: 4881.28
Difference: 124.078
--------------------------------
RKDTree: 
Visited nodes:50000
   Time: 0.258
   Distance: 5533.48
KDTree: 
Visited nodes:100000
   Time: 0.252
   Distance: 5533.48
Difference: 0
--------------------------------
RKDTree: 
Visited nodes:50000
   Time: 0.26
   Distance: 5122.84
KDTree: 
Visited nodes:100000
   Time: 0.25
   Distance: 5066.48
Difference: 56.354
--------------------------------
RKDTree: 
Visited nodes:50000
   Time: 0.258
   Distance: 5193.94
KDTree: 
Visited nodes:100000
   Time: 0.252
   Distance: 5193.94
Difference: 0
--------------------------------
RKDTree: 
Visited nodes:50000
   Time: 0.262
   Distance: 5414.3
KDTree: 
Visited nodes:100000
   Time: 0.252
   Distance: 5138.34
Difference: 275.963
--------------------------------
RKDTree: 
Visited nodes:50000
   Time: 0.265
   Distance: 5588.38
KDTree: 
Visited nodes:100000
   Time: 0.251
   Distance: 5504.23
Difference: 84.1475
--------------------------------
RKDTree: 
Visited nodes:50000
   Time: 0.263
   Distance: 5191.2
KDTree: 
Visited nodes:100000
   Time: 0.253
   Distance: 5062.16
Difference: 129.042
--------------------------------
RKDTree: 
Visited nodes:50000
   Time: 0.257
   Distance: 5690.97
KDTree: 
Visited nodes:100000
   Time: 0.252
   Distance: 5640.57
Difference: 50.4009
--------------------------------
RKDTree: 
Visited nodes:50000
   Time: 0.253
   Distance: 5081.72
KDTree: 
Visited nodes:100000
   Time: 0.262
   Distance: 5081.72
Difference: 0
--------------------------------
RKDTree: 
Visited nodes:50000
   Time: 0.257
   Distance: 5323.94
KDTree: 
Visited nodes:100000
   Time: 0.25
   Distance: 5323.94
Difference: 0
--------------------------------
RKDTree: 
Visited nodes:50000
   Time: 0.264
   Distance: 5649.71
KDTree: 
Visited nodes:100000
   Time: 0.253
   Distance: 5649.71
Difference: 0
--------------------------------
RKDTree: 
Visited nodes:50000
   Time: 0.265
   Distance: 5253.82
KDTree: 
Visited nodes:100000
   Time: 0.25
   Distance: 5253.82
Difference: 0
--------------------------------
RKDTree: 
Visited nodes:50000
   Time: 0.25
   Distance: 5358.95
KDTree: 
Visited nodes:100000
   Time: 0.252
   Distance: 4762.91
Difference: 596.038
--------------------------------
RKDTree: 
Visited nodes:50000
   Time: 0.262
   Distance: 5440.5
KDTree: 
Visited nodes:100000
   Time: 0.251
   Distance: 5328.38
Difference: 112.126
--------------------------------
RKDTree: 
Visited nodes:50000
   Time: 0.262
   Distance: 5575.13
KDTree: 
Visited nodes:100000
   Time: 0.251
   Distance: 5517.64
Difference: 57.4897
--------------------------------
RKDTree: 
Visited nodes:50000
   Time: 0.253
   Distance: 5208.21
KDTree: 
Visited nodes:100000
   Time: 0.25
   Distance: 5208.21
Difference: 0
--------------------------------
RKDTree: 
Visited nodes:50000
   Time: 0.262
   Distance: 5154.53
KDTree: 
Visited nodes:100000
   Time: 0.252
   Distance: 4846.72
Difference: 307.807
--------------------------------
RKDTree: 
Visited nodes:50000
   Time: 0.256
   Distance: 5146.49
KDTree: 
Visited nodes:100000
   Time: 0.255
   Distance: 4965.81
Difference: 180.683
--------------------------------
RKDTree: 
Visited nodes:50000
   Time: 0.26
   Distance: 5069.71
KDTree: 
Visited nodes:100000
   Time: 0.257
   Distance: 5050.49
Difference: 19.2158
--------------------------------
RKDTree: 
Visited nodes:50000
   Time: 0.257
   Distance: 5333.99
KDTree: 
Visited nodes:100000
   Time: 0.256
   Distance: 5121.9
Difference: 212.085
--------------------------------
RKDTree: 
Visited nodes:50000
   Time: 0.256
   Distance: 5151.61
KDTree: 
Visited nodes:100000
   Time: 0.259
   Distance: 5151.61
Difference: 0
--------------------------------
RKDTree: 
Visited nodes:50000
   Time: 0.3
   Distance: 5307.77
KDTree: 
Visited nodes:100000
   Time: 0.322
   Distance: 5307.77
Difference: 0
--------------------------------
RKDTree: 
Visited nodes:50000
   Time: 0.306
   Distance: 5064.69
KDTree: 
Visited nodes:100000
   Time: 0.319
   Distance: 4986.2
Difference: 78.4971
--------------------------------
RKDTree: 
Visited nodes:50000
   Time: 0.266
   Distance: 4476.37
KDTree: 
Visited nodes:100000
   Time: 0.306
   Distance: 4476.37
Difference: 0
--------------------------------
RKDTree: 
Visited nodes:50000
   Time: 0.316
   Distance: 5401.65
KDTree: 
Visited nodes:100000
   Time: 0.32
   Distance: 5401.65
Difference: 0
--------------------------------
RKDTree: 
Visited nodes:50000
   Time: 0.336
   Distance: 5595.56
KDTree: 
Visited nodes:100000
   Time: 0.263
   Distance: 5595.56
Difference: 0
--------------------------------
RKDTree: 
Visited nodes:50000
   Time: 0.274
   Distance: 4702.93
KDTree: 
Visited nodes:100000
   Time: 0.279
   Distance: 4702.93
Difference: 0
--------------------------------
RKDTree: 
Visited nodes:50000
   Time: 0.263
   Distance: 5681.65
KDTree: 
Visited nodes:100000
   Time: 0.256
   Distance: 5593.72
Difference: 87.9243
--------------------------------
RKDTree: 
Visited nodes:50000
   Time: 0.256
   Distance: 5399.71
KDTree: 
Visited nodes:100000
   Time: 0.265
   Distance: 5399.71
Difference: 0
--------------------------------
RKDTree: 
Visited nodes:50000
   Time: 0.276
   Distance: 4899.66
KDTree: 
Visited nodes:100000
   Time: 0.26
   Distance: 4899.66
Difference: 0
--------------------------------
RKDTree: 
Visited nodes:50000
   Time: 0.265
   Distance: 5799.61
KDTree: 
Visited nodes:100000
   Time: 0.259
   Distance: 5728.96
Difference: 70.6499
--------------------------------
RKDTree: 
Visited nodes:50000
   Time: 0.258
   Distance: 5001.87
KDTree: 
Visited nodes:100000
   Time: 0.273
   Distance: 5001.87
Difference: 0
--------------------------------
RKDTree: 
Visited nodes:50000
   Time: 0.259
   Distance: 5028.16
KDTree: 
Visited nodes:100000
   Time: 0.265
   Distance: 5028.16
Difference: 0
--------------------------------
RKDTree: 
Visited nodes:50000
   Time: 0.27
   Distance: 5314.9
KDTree: 
Visited nodes:100000
   Time: 0.274
   Distance: 5289.66
Difference: 25.2407
--------------------------------
RKDTree: 
Visited nodes:50000
   Time: 0.261
   Distance: 5497.16
KDTree: 
Visited nodes:100000
   Time: 0.27
   Distance: 5497.16
Difference: 0
--------------------------------
RKDTree: 
Visited nodes:50000
   Time: 0.261
   Distance: 5385.16
KDTree: 
Visited nodes:100000
   Time: 0.264
   Distance: 5385.16
Difference: 0
--------------------------------
RKDTree: 
Visited nodes:50000
   Time: 0.269
   Distance: 4831.6
KDTree: 
Visited nodes:100000
   Time: 0.252
   Distance: 4831.6
Difference: 0
--------------------------------
RKDTree: 
Visited nodes:50000
   Time: 0.269
   Distance: 4826.35
KDTree: 
Visited nodes:100000
   Time: 0.251
   Distance: 4826.35
Difference: 0
--------------------------------
RKDTree: 
Visited nodes:50000
   Time: 0.255
   Distance: 4987.34
KDTree: 
Visited nodes:100000
   Time: 0.299
   Distance: 4987.34
Difference: 0
--------------------------------
RKDTree: 
Visited nodes:50000
   Time: 0.313
   Distance: 5159.51
KDTree: 
Visited nodes:100000
   Time: 0.305
   Distance: 5124.29
Difference: 35.2129
--------------------------------
RKDTree: 
Visited nodes:50000
   Time: 0.299
   Distance: 4916.97
KDTree: 
Visited nodes:100000
   Time: 0.286
   Distance: 4842.8
Difference: 74.1743
--------------------------------
RKDTree: 
Visited nodes:50000
   Time: 0.317
   Distance: 5226.74
KDTree: 
Visited nodes:100000
   Time: 0.314
   Distance: 5053.34
Difference: 173.404
--------------------------------
RKDTree: 
Visited nodes:50000
   Time: 0.321
   Distance: 5437.12
KDTree: 
Visited nodes:100000
   Time: 0.274
   Distance: 5437.12
Difference: 0
--------------------------------
RKDTree: 
Visited nodes:50000
   Time: 0.258
   Distance: 5380.19
KDTree: 
Visited nodes:100000
   Time: 0.26
   Distance: 5380.19
Difference: 0
--------------------------------
RKDTree: 
Visited nodes:50000
   Time: 0.261
   Distance: 5182.44
KDTree: 
Visited nodes:100000
   Time: 0.255
   Distance: 5182.44
Difference: 0
--------------------------------
RKDTree: 
Visited nodes:50000
   Time: 0.259
   Distance: 5146.87
KDTree: 
Visited nodes:100000
   Time: 0.251
   Distance: 5136.58
Difference: 10.2891
--------------------------------
RKDTree: 
Visited nodes:50000
   Time: 0.268
   Distance: 5206.36
KDTree: 
Visited nodes:100000
   Time: 0.25
   Distance: 5182.5
Difference: 23.8521
--------------------------------
RKDTree: 
Visited nodes:50000
   Time: 0.258
   Distance: 4814.28
KDTree: 
Visited nodes:100000
   Time: 0.251
   Distance: 4814.28
Difference: 0
--------------------------------
RKDTree: 
Visited nodes:50000
   Time: 0.257
   Distance: 5347.3
KDTree: 
Visited nodes:100000
   Time: 0.252
   Distance: 5347.3
Difference: 0
--------------------------------
RKDTree: 
Visited nodes:50000
   Time: 0.261
   Distance: 5108.31
KDTree: 
Visited nodes:100000
   Time: 0.254
   Distance: 5108.31
Difference: 0
--------------------------------
RKDTree: 
Visited nodes:50000
   Time: 0.257
   Distance: 5113.62
KDTree: 
Visited nodes:100000
   Time: 0.251
   Distance: 5113.62
Difference: 0
--------------------------------
RKDTree: 
Visited nodes:50000
   Time: 0.258
   Distance: 5631.05
KDTree: 
Visited nodes:100000
   Time: 0.253
   Distance: 5631.05
Difference: 0
--------------------------------
RKDTree: 
Visited nodes:50000
   Time: 0.263
   Distance: 4693.66
KDTree: 
Visited nodes:100000
   Time: 0.25
   Distance: 4693.66
Difference: 0
--------------------------------
RKDTree: 
Visited nodes:50000
   Time: 0.252
   Distance: 4689.08
KDTree: 
Visited nodes:100000
   Time: 0.259
   Distance: 4689.08
Difference: 0
--------------------------------
RKDTree: 
Visited nodes:50000
   Time: 0.255
   Distance: 5088.42
KDTree: 
Visited nodes:100000
   Time: 0.251
   Distance: 5088.42
Difference: 0
--------------------------------
RKDTree: 
Visited nodes:50000
   Time: 0.257
   Distance: 5562.54
KDTree: 
Visited nodes:100000
   Time: 0.252
   Distance: 5562.54
Difference: 0
--------------------------------
RKDTree: 
Visited nodes:50000
   Time: 0.261
   Distance: 5488.2
KDTree: 
Visited nodes:100000
   Time: 0.252
   Distance: 5488.2
Difference: 0
--------------------------------
RKDTree: 
Visited nodes:50000
   Time: 0.262
   Distance: 4856.13
KDTree: 
Visited nodes:100000
   Time: 0.254
   Distance: 4856.13
Difference: 0
--------------------------------
RKDTree: 
Visited nodes:50000
   Time: 0.262
   Distance: 5105.59
KDTree: 
Visited nodes:100000
   Time: 0.25
   Distance: 5105.59
Difference: 0
--------------------------------
RKDTree: 
Visited nodes:50000
   Time: 0.257
   Distance: 4992.02
KDTree: 
Visited nodes:100000
   Time: 0.251
   Distance: 4992.02
Difference: 0
--------------------------------
RKDTree: 
Visited nodes:50000
   Time: 0.255
   Distance: 4851.03
KDTree: 
Visited nodes:100000
   Time: 0.251
   Distance: 4851.03
Difference: 0
--------------------------------
RKDTree: 
Visited nodes:50000
   Time: 0.261
   Distance: 4715.42
KDTree: 
Visited nodes:100000
   Time: 0.251
   Distance: 4715.42
Difference: 0
--------------------------------
RKDTree: 
Visited nodes:50000
   Time: 0.258
   Distance: 5392.71
KDTree: 
Visited nodes:100000
   Time: 0.25
   Distance: 5372.31
Difference: 20.4004
--------------------------------
RKDTree: 
Visited nodes:50000
   Time: 0.256
   Distance: 5469.02
KDTree: 
Visited nodes:100000
   Time: 0.251
   Distance: 5469.02
Difference: 0
--------------------------------
RKDTree: 
Visited nodes:50000
   Time: 0.258
   Distance: 5546.27
KDTree: 
Visited nodes:100000
   Time: 0.251
   Distance: 5546.27
Difference: 0
--------------------------------
RKDTree: 
Visited nodes:50000
   Time: 0.259
   Distance: 5273.08
KDTree: 
Visited nodes:100000
   Time: 0.252
   Distance: 4637.88
Difference: 635.201
--------------------------------
RKDTree: 
Visited nodes:50000
   Time: 0.254
   Distance: 5400.76
KDTree: 
Visited nodes:100000
   Time: 0.252
   Distance: 4909.59
Difference: 491.163
--------------------------------
RKDTree: 
Visited nodes:50000
   Time: 0.248
   Distance: 5560.11
KDTree: 
Visited nodes:100000
   Time: 0.25
   Distance: 5560.11
Difference: 0
--------------------------------
RKDTree: 
Visited nodes:50000
   Time: 0.255
   Distance: 5398.53
KDTree: 
Visited nodes:100000
   Time: 0.25
   Distance: 5210.83
Difference: 187.695
--------------------------------
RKDTree: 
Visited nodes:50000
   Time: 0.26
   Distance: 5328.52
KDTree: 
Visited nodes:100000
   Time: 0.251
   Distance: 5328.52
Difference: 0
--------------------------------
RKDTree: 
Visited nodes:50000
   Time: 0.256
   Distance: 5452.23
KDTree: 
Visited nodes:100000
   Time: 0.25
   Distance: 5414.11
Difference: 38.1255
--------------------------------
RKDTree: 
Visited nodes:50000
   Time: 0.253
   Distance: 5437.75
KDTree: 
Visited nodes:100000
   Time: 0.252
   Distance: 4993.97
Difference: 443.777
--------------------------------
RKDTree: 
Visited nodes:50000
   Time: 0.257
   Distance: 5443.26
KDTree: 
Visited nodes:100000
   Time: 0.251
   Distance: 5443.26
Difference: 0
--------------------------------
RKDTree: 
Visited nodes:50000
   Time: 0.255
   Distance: 5358.04
KDTree: 
Visited nodes:100000
   Time: 0.251
   Distance: 5198.87
Difference: 159.169
--------------------------------
RKDTree: 
Visited nodes:50000
   Time: 0.258
   Distance: 5110.24
KDTree: 
Visited nodes:100000
   Time: 0.251
   Distance: 5110.24
Difference: 0
--------------------------------
RKDTree: 
Visited nodes:50000
   Time: 0.254
   Distance: 5462.4
KDTree: 
Visited nodes:100000
   Time: 0.251
   Distance: 5399.77
Difference: 62.6284
--------------------------------
RKDTree: 
Visited nodes:50000
   Time: 0.258
   Distance: 5033.81
KDTree: 
Visited nodes:100000
   Time: 0.251
   Distance: 5033.81
Difference: 0
--------------------------------
RKDTree: 
Visited nodes:50000
   Time: 0.283
   Distance: 5244.59
KDTree: 
Visited nodes:100000
   Time: 0.269
   Distance: 5244.59
Difference: 0
--------------------------------
RKDTree: 
Visited nodes:50000
   Time: 0.257
   Distance: 5224.51
KDTree: 
Visited nodes:100000
   Time: 0.292
   Distance: 5123.82
Difference: 100.689
--------------------------------
RKDTree: 
Visited nodes:50000
   Time: 0.255
   Distance: 5280.72
KDTree: 
Visited nodes:100000
   Time: 0.25
   Distance: 5280.72
Difference: 0
--------------------------------
RKDTree: 
Visited nodes:50000
   Time: 0.258
   Distance: 5110.96
KDTree: 
Visited nodes:100000
   Time: 0.251
   Distance: 5008.6
Difference: 102.364
--------------------------------
RKDTree: 
Visited nodes:50000
   Time: 0.258
   Distance: 5329.33
KDTree: 
Visited nodes:100000
   Time: 0.25
   Distance: 5292.69
Difference: 36.6396
--------------------------------
RKDTree: 
Visited nodes:50000
   Time: 0.266
   Distance: 5281.73
KDTree: 
Visited nodes:100000
   Time: 0.253
   Distance: 5281.73
Difference: 0
--------------------------------
RKDTree: 
Visited nodes:50000
   Time: 0.255
   Distance: 5500.31
KDTree: 
Visited nodes:100000
   Time: 0.251
   Distance: 5146.96
Difference: 353.353
--------------------------------
RKDTree: 
Visited nodes:50000
   Time: 0.246
   Distance: 5210.64
KDTree: 
Visited nodes:100000
   Time: 0.251
   Distance: 5142.45
Difference: 68.1909
--------------------------------
RKDTree: 
Visited nodes:50000
   Time: 0.256
   Distance: 5487.09
KDTree: 
Visited nodes:100000
   Time: 0.251
   Distance: 5481.78
Difference: 5.31396
--------------------------------
RKDTree: 
Visited nodes:50000
   Time: 0.262
   Distance: 4981.59
KDTree: 
Visited nodes:100000
   Time: 0.25
   Distance: 4981.59
Difference: 0
--------------------------------
RKDTree: 
Visited nodes:50000
   Time: 0.257
   Distance: 5141.98
KDTree: 
Visited nodes:100000
   Time: 0.25
   Distance: 5141.98
Difference: 0
--------------------------------
RKDTree: 
Visited nodes:50000
   Time: 0.259
   Distance: 5057.66
KDTree: 
Visited nodes:100000
   Time: 0.251
   Distance: 5057.66
Difference: 0
--------------------------------
RKDTree: 
Visited nodes:50000
   Time: 0.254
   Distance: 5063.4
KDTree: 
Visited nodes:100000
   Time: 0.254
   Distance: 4911.96
Difference: 151.435
--------------------------------
RKDTree: 
Visited nodes:50000
   Time: 0.259
   Distance: 5459.53
KDTree: 
Visited nodes:100000
   Time: 0.255
   Distance: 5038.14
Difference: 421.385
--------------------------------
RKDTree: 
Visited nodes:50000
   Time: 0.256
   Distance: 5614.41
KDTree: 
Visited nodes:100000
   Time: 0.253
   Distance: 5614.41
Difference: 0
--------------------------------
RKDTree: 
Visited nodes:50000
   Time: 0.262
   Distance: 5201.4
KDTree: 
Visited nodes:100000
   Time: 0.252
   Distance: 5201.4
Difference: 0
--------------------------------
RKDTree: 
Visited nodes:50000
   Time: 0.251
   Distance: 5324.26
KDTree: 
Visited nodes:100000
   Time: 0.25
   Distance: 5324.26
Difference: 0
--------------------------------
RKDTree: 
Visited nodes:50000
   Time: 0.261
   Distance: 5140.8
KDTree: 
Visited nodes:100000
   Time: 0.252
   Distance: 4874.9
Difference: 265.904
--------------------------------
RKDTree: 
Visited nodes:50000
   Time: 0.259
   Distance: 5365.46
KDTree: 
Visited nodes:100000
   Time: 0.25
   Distance: 5365.46
Difference: 0
--------------------------------
RKDTree: 
Visited nodes:50000
   Time: 0.259
   Distance: 5357.44
KDTree: 
Visited nodes:100000
   Time: 0.26
   Distance: 5357.44
Difference: 0
--------------------------------
RKDTree: 
Visited nodes:50000
   Time: 0.257
   Distance: 4932.79
KDTree: 
Visited nodes:100000
   Time: 0.253
   Distance: 4820.23
Difference: 112.561
--------------------------------
RKDTree: 
Visited nodes:50000
   Time: 0.254
   Distance: 5346.38
KDTree: 
Visited nodes:100000
   Time: 0.256
   Distance: 5346.38
Difference: 0
--------------------------------
RKDTree: 
Visited nodes:50000
   Time: 0.264
   Distance: 5657.42
KDTree: 
Visited nodes:100000
   Time: 0.252
   Distance: 5657.42
Difference: 0
--------------------------------
RKDTree: 
Visited nodes:50000
   Time: 0.258
   Distance: 5377.08
KDTree: 
Visited nodes:100000
   Time: 0.252
   Distance: 5216.13
Difference: 160.952
--------------------------------
RKDTree: 
Visited nodes:50000
   Time: 0.267
   Distance: 4859.85
KDTree: 
Visited nodes:100000
   Time: 0.251
   Distance: 4859.85
Difference: 0
--------------------------------
RKDTree: 
Visited nodes:50000
   Time: 0.254
   Distance: 5613.08
KDTree: 
Visited nodes:100000
   Time: 0.251
   Distance: 5590.36
Difference: 22.7178
--------------------------------
RKDTree: 
Visited nodes:50000
   Time: 0.255
   Distance: 5814.49
KDTree: 
Visited nodes:100000
   Time: 0.251
   Distance: 5264.79
Difference: 549.7
--------------------------------
RKDTree: 
Visited nodes:50000
   Time: 0.261
   Distance: 5202.88
KDTree: 
Visited nodes:100000
   Time: 0.252
   Distance: 5202.88
Difference: 0
--------------------------------
RKDTree: 
Visited nodes:50000
   Time: 0.258
   Distance: 5843.22
KDTree: 
Visited nodes:100000
   Time: 0.252
   Distance: 5689.64
Difference: 153.571
--------------------------------
RKDTree: 
Visited nodes:50000
   Time: 0.252
   Distance: 5289.4
KDTree: 
Visited nodes:100000
   Time: 0.251
   Distance: 5289.4
Difference: 0
--------------------------------
RKDTree: 
Visited nodes:50000
   Time: 0.25
   Distance: 5245.18
KDTree: 
Visited nodes:100000
   Time: 0.251
   Distance: 5245.18
Difference: 0
--------------------------------
RKDTree: 
Visited nodes:50000
   Time: 0.256
   Distance: 5222.26
KDTree: 
Visited nodes:100000
   Time: 0.25
   Distance: 5222.26
Difference: 0
--------------------------------
RKDTree: 
Visited nodes:50000
   Time: 0.249
   Distance: 4661.03
KDTree: 
Visited nodes:100000
   Time: 0.25
   Distance: 4661.03
Difference: 0
--------------------------------
RKDTree: 
Visited nodes:50000
   Time: 0.262
   Distance: 5277.93
KDTree: 
Visited nodes:100000
   Time: 0.251
   Distance: 5277.93
Difference: 0
--------------------------------
RKDTree: 
Visited nodes:50000
   Time: 0.256
   Distance: 4978.36
KDTree: 
Visited nodes:100000
   Time: 0.251
   Distance: 4978.36
Difference: 0
--------------------------------
RKDTree: 
Visited nodes:50000
   Time: 0.256
   Distance: 5269.06
KDTree: 
Visited nodes:100000
   Time: 0.252
   Distance: 5269.06
Difference: 0
--------------------------------
RKDTree: 
Visited nodes:50000
   Time: 0.253
   Distance: 5311.28
KDTree: 
Visited nodes:100000
   Time: 0.269
   Distance: 5311.28
Difference: 0
--------------------------------
RKDTree: 
Visited nodes:50000
   Time: 0.256
   Distance: 5224.98
KDTree: 
Visited nodes:100000
   Time: 0.251
   Distance: 5224.98
Difference: 0
--------------------------------
RKDTree: 
Visited nodes:50000
   Time: 0.257
   Distance: 5113.11
KDTree: 
Visited nodes:100000
   Time: 0.251
   Distance: 4889.53
Difference: 223.578
--------------------------------
RKDTree: 
Visited nodes:50000
   Time: 0.249
   Distance: 5763.77
KDTree: 
Visited nodes:100000
   Time: 0.251
   Distance: 5588.73
Difference: 175.039
--------------------------------
RKDTree: 
Visited nodes:50000
   Time: 0.255
   Distance: 5379.13
KDTree: 
Visited nodes:100000
   Time: 0.25
   Distance: 5379.13
Difference: 0
--------------------------------
RKDTree: 
Visited nodes:50000
   Time: 0.257
   Distance: 5198.24
KDTree: 
Visited nodes:100000
   Time: 0.251
   Distance: 5166.64
Difference: 31.6006
--------------------------------
RKDTree: 
Visited nodes:50000
   Time: 0.254
   Distance: 5257.35
KDTree: 
Visited nodes:100000
   Time: 0.252
   Distance: 5173.49
Difference: 83.8613
--------------------------------
RKDTree: 
Visited nodes:50000
   Time: 0.253
   Distance: 5175.72
KDTree: 
Visited nodes:100000
   Time: 0.251
   Distance: 5055.36
Difference: 120.354
--------------------------------
RKDTree: 
Visited nodes:50000
   Time: 0.259
   Distance: 5047.12
KDTree: 
Visited nodes:100000
   Time: 0.253
   Distance: 5047.12
Difference: 0
--------------------------------
RKDTree: 
Visited nodes:50000
   Time: 0.258
   Distance: 5106.76
KDTree: 
Visited nodes:100000
   Time: 0.251
   Distance: 4938.1
Difference: 168.655
--------------------------------
RKDTree: 
Visited nodes:50000
   Time: 0.254
   Distance: 4855.23
KDTree: 
Visited nodes:100000
   Time: 0.251
   Distance: 4665.8
Difference: 189.43
--------------------------------
RKDTree: 
Visited nodes:50000
   Time: 0.261
   Distance: 5859.43
KDTree: 
Visited nodes:100000
   Time: 0.251
   Distance: 5764.06
Difference: 95.3687
--------------------------------
RKDTree: 
Visited nodes:50000
   Time: 0.255
   Distance: 4805.85
KDTree: 
Visited nodes:100000
   Time: 0.263
   Distance: 4805.85
Difference: 0
--------------------------------
RKDTree: 
Visited nodes:50000
   Time: 0.262
   Distance: 5395.81
KDTree: 
Visited nodes:100000
   Time: 0.253
   Distance: 5359.26
Difference: 36.5488
--------------------------------
RKDTree: 
Visited nodes:50000
   Time: 0.258
   Distance: 5094.01
KDTree: 
Visited nodes:100000
   Time: 0.251
   Distance: 5094.01
Difference: 0
--------------------------------
RKDTree: 
Visited nodes:50000
   Time: 0.378
   Distance: 5311.74
KDTree: 
Visited nodes:100000
   Time: 0.472
   Distance: 5229.42
Difference: 82.3135
--------------------------------
RKDTree: 
Visited nodes:50000
   Time: 0.366
   Distance: 5061.86
KDTree: 
Visited nodes:100000
   Time: 0.336
   Distance: 5061.86
Difference: 0
--------------------------------
RKDTree: 
Visited nodes:50000
   Time: 0.419
   Distance: 5410.99
KDTree: 
Visited nodes:100000
   Time: 0.302
   Distance: 5167.87
Difference: 243.124
--------------------------------
RKDTree: 
Visited nodes:50000
   Time: 0.293
   Distance: 5340.43
KDTree: 
Visited nodes:100000
   Time: 0.331
   Distance: 5059.82
Difference: 280.615
--------------------------------
RKDTree: 
Visited nodes:50000
   Time: 0.269
   Distance: 5347.09
KDTree: 
Visited nodes:100000
   Time: 0.262
   Distance: 5256.64
Difference: 90.4473
--------------------------------
RKDTree: 
Visited nodes:50000
   Time: 0.28
   Distance: 5463.59
KDTree: 
Visited nodes:100000
   Time: 0.251
   Distance: 4970.36
Difference: 493.226
--------------------------------
RKDTree: 
Visited nodes:50000
   Time: 0.254
   Distance: 5611.63
KDTree: 
Visited nodes:100000
   Time: 0.253
   Distance: 5611.63
Difference: 0
--------------------------------
RKDTree: 
Visited nodes:50000
   Time: 0.257
   Distance: 5045.28
KDTree: 
Visited nodes:100000
   Time: 0.252
   Distance: 5045.28
Difference: 0
--------------------------------
RKDTree: 
Visited nodes:50000
   Time: 0.266
   Distance: 5152.35
KDTree: 
Visited nodes:100000
   Time: 0.25
   Distance: 5140.96
Difference: 11.3955
--------------------------------
RKDTree: 
Visited nodes:50000
   Time: 0.265
   Distance: 4763.8
KDTree: 
Visited nodes:100000
   Time: 0.249
   Distance: 4763.8
Difference: 0
--------------------------------
RKDTree: 
Visited nodes:50000
   Time: 0.255
   Distance: 5555.3
KDTree: 
Visited nodes:100000
   Time: 0.256
   Distance: 5555.3
Difference: 0
--------------------------------
RKDTree: 
Visited nodes:50000
   Time: 0.254
   Distance: 5000.97
KDTree: 
Visited nodes:100000
   Time: 0.255
   Distance: 5000.97
Difference: 0
--------------------------------
RKDTree: 
Visited nodes:50000
   Time: 0.257
   Distance: 5127.64
KDTree: 
Visited nodes:100000
   Time: 0.259
   Distance: 5127.64
Difference: 0
--------------------------------
RKDTree: 
Visited nodes:50000
   Time: 0.265
   Distance: 4792.51
KDTree: 
Visited nodes:100000
   Time: 0.258
   Distance: 4792.51
Difference: 0
--------------------------------
RKDTree: 
Visited nodes:50000
   Time: 0.275
   Distance: 5119.55
KDTree: 
Visited nodes:100000
   Time: 0.261
   Distance: 5024.72
Difference: 94.8301
--------------------------------
RKDTree: 
Visited nodes:50000
   Time: 0.254
   Distance: 5187.45
KDTree: 
Visited nodes:100000
   Time: 0.264
   Distance: 5187.45
Difference: 0
--------------------------------
RKDTree: 
Visited nodes:50000
   Time: 0.265
   Distance: 5813.06
KDTree: 
Visited nodes:100000
   Time: 0.26
   Distance: 4888.79
Difference: 924.266
--------------------------------
RKDTree: 
Visited nodes:50000
   Time: 0.267
   Distance: 5467.61
KDTree: 
Visited nodes:100000
   Time: 0.258
   Distance: 5467.61
Difference: 0
--------------------------------
RKDTree: 
Visited nodes:50000
   Time: 0.259
   Distance: 5227.69
KDTree: 
Visited nodes:100000
   Time: 0.262
   Distance: 4953.84
Difference: 273.85
--------------------------------
RKDTree: 
Visited nodes:50000
   Time: 0.252
   Distance: 5306.7
KDTree: 
Visited nodes:100000
   Time: 0.255
   Distance: 5306.7
Difference: 0
--------------------------------
RKDTree: 
Visited nodes:50000
   Time: 0.257
   Distance: 5087.11
KDTree: 
Visited nodes:100000
   Time: 0.255
   Distance: 5087.11
Difference: 0
--------------------------------
RKDTree: 
Visited nodes:50000
   Time: 0.252
   Distance: 5371.87
KDTree: 
Visited nodes:100000
   Time: 0.266
   Distance: 5371.87
Difference: 0
--------------------------------
RKDTree: 
Visited nodes:50000
   Time: 0.261
   Distance: 5887.67
KDTree: 
Visited nodes:100000
   Time: 0.256
   Distance: 5399.77
Difference: 487.895
--------------------------------
RKDTree: 
Visited nodes:50000
   Time: 0.257
   Distance: 5674.7
KDTree: 
Visited nodes:100000
   Time: 0.251
   Distance: 5674.7
Difference: 0
--------------------------------
RKDTree: 
Visited nodes:50000
   Time: 0.262
   Distance: 5486.69
KDTree: 
Visited nodes:100000
   Time: 0.254
   Distance: 5339.48
Difference: 147.208
--------------------------------
RKDTree: 
Visited nodes:50000
   Time: 0.263
   Distance: 5187.37
KDTree: 
Visited nodes:100000
   Time: 0.253
   Distance: 4960.05
Difference: 227.313
--------------------------------
RKDTree: 
Visited nodes:50000
   Time: 0.276
   Distance: 5534.7
KDTree: 
Visited nodes:100000
   Time: 0.265
   Distance: 5534.7
Difference: 0
--------------------------------
RKDTree: 
Visited nodes:50000
   Time: 0.266
   Distance: 5219.22
KDTree: 
Visited nodes:100000
   Time: 0.259
   Distance: 5219.22
Difference: 0
--------------------------------
RKDTree: 
Visited nodes:50000
   Time: 0.263
   Distance: 5603.45
KDTree: 
Visited nodes:100000
   Time: 0.256
   Distance: 5520.74
Difference: 82.7163
--------------------------------
RKDTree: 
Visited nodes:50000
   Time: 0.26
   Distance: 5455.27
KDTree: 
Visited nodes:100000
   Time: 0.253
   Distance: 5455.27
Difference: 0
--------------------------------
RKDTree: 
Visited nodes:50000
   Time: 0.259
   Distance: 5263.38
KDTree: 
Visited nodes:100000
   Time: 0.257
   Distance: 5263.38
Difference: 0
--------------------------------
RKDTree: 
Visited nodes:50000
   Time: 0.265
   Distance: 5120.06
KDTree: 
Visited nodes:100000
   Time: 0.257
   Distance: 4822.45
Difference: 297.61
--------------------------------
RKDTree: 
Visited nodes:50000
   Time: 0.265
   Distance: 5655.51
KDTree: 
Visited nodes:100000
   Time: 0.267
   Distance: 5630.58
Difference: 24.9229
--------------------------------
RKDTree: 
Visited nodes:50000
   Time: 0.27
   Distance: 5185.08
KDTree: 
Visited nodes:100000
   Time: 0.251
   Distance: 5147.37
Difference: 37.7051
--------------------------------
RKDTree: 
Visited nodes:50000
   Time: 0.264
   Distance: 5371.02
KDTree: 
Visited nodes:100000
   Time: 0.266
   Distance: 5289.61
Difference: 81.4038
--------------------------------
RKDTree: 
Visited nodes:50000
   Time: 0.271
   Distance: 5707.87
KDTree: 
Visited nodes:100000
   Time: 0.268
   Distance: 5707.87
Difference: 0
--------------------------------
RKDTree: 
Visited nodes:50000
   Time: 0.275
   Distance: 4949.29
KDTree: 
Visited nodes:100000
   Time: 0.264
   Distance: 4949.29
Difference: 0
--------------------------------
RKDTree: 
Visited nodes:50000
   Time: 0.274
   Distance: 4664.84
KDTree: 
Visited nodes:100000
   Time: 0.292
   Distance: 4664.84
Difference: 0
--------------------------------
RKDTree: 
Visited nodes:50000
   Time: 0.268
   Distance: 5925.93
KDTree: 
Visited nodes:100000
   Time: 0.25
   Distance: 5868.23
Difference: 57.6948
--------------------------------
RKDTree: 
Visited nodes:50000
   Time: 0.271
   Distance: 5316.42
KDTree: 
Visited nodes:100000
   Time: 0.348
   Distance: 5316.42
Difference: 0
--------------------------------
RKDTree: 
Visited nodes:50000
   Time: 0.331
   Distance: 5282.1
KDTree: 
Visited nodes:100000
   Time: 0.281
   Distance: 5282.1
Difference: 0
--------------------------------
RKDTree: 
Visited nodes:50000
   Time: 0.308
   Distance: 5204.06
KDTree: 
Visited nodes:100000
   Time: 0.275
   Distance: 4970.6
Difference: 233.459
--------------------------------
RKDTree: 
Visited nodes:50000
   Time: 0.311
   Distance: 5552.29
KDTree: 
Visited nodes:100000
   Time: 0.314
   Distance: 5325.54
Difference: 226.75
--------------------------------
RKDTree: 
Visited nodes:50000
   Time: 0.308
   Distance: 5105.31
KDTree: 
Visited nodes:100000
   Time: 0.27
   Distance: 5105.31
Difference: 0
--------------------------------
RKDTree: 
Visited nodes:50000
   Time: 0.264
   Distance: 5431.72
KDTree: 
Visited nodes:100000
   Time: 0.251
   Distance: 5212.58
Difference: 219.142
--------------------------------
RKDTree: 
Visited nodes:50000
   Time: 0.269
   Distance: 4533.61
KDTree: 
Visited nodes:100000
   Time: 0.258
   Distance: 4533.61
Difference: 0
--------------------------------
RKDTree: 
Visited nodes:50000
   Time: 0.269
   Distance: 5374.13
KDTree: 
Visited nodes:100000
   Time: 0.29
   Distance: 5374.13
Difference: 0
--------------------------------
RKDTree: 
Visited nodes:50000
   Time: 0.273
   Distance: 5272.05
KDTree: 
Visited nodes:100000
   Time: 0.254
   Distance: 4877.68
Difference: 394.373
--------------------------------
RKDTree: 
Visited nodes:50000
   Time: 0.247
   Distance: 5577.96
KDTree: 
Visited nodes:100000
   Time: 0.251
   Distance: 5577.96
Difference: 0
--------------------------------
RKDTree: 
Visited nodes:50000
   Time: 0.26
   Distance: 5276.75
KDTree: 
Visited nodes:100000
   Time: 0.26
   Distance: 5276.75
Difference: 0
--------------------------------
RKDTree: 
Visited nodes:50000
   Time: 0.256
   Distance: 4961.51
KDTree: 
Visited nodes:100000
   Time: 0.257
   Distance: 4961.51
Difference: 0
--------------------------------
RKDTree: 
Visited nodes:50000
   Time: 0.285
   Distance: 5012.64
KDTree: 
Visited nodes:100000
   Time: 0.27
   Distance: 5012.64
Difference: 0
--------------------------------
RKDTree: 
Visited nodes:50000
   Time: 0.27
   Distance: 5225.32
KDTree: 
