Ascending instances:
qselect: min=0.01225900 max=0.03180900 mean=0.02111927 total=0.31678900
rmedian_qselect: min=0.03374800 max=0.03725300 mean=0.03572167 total=0.53582500
quicksort: min=0.23792200 max=0.24938600 mean=0.24414540 total=3.66218100
mergesort: min=0.31680300 max=0.32050200 mean=0.31914867 total=4.78723000
rmedian: min=0.06020600 max=0.06623700 mean=0.06258440 total=0.93876600

Descending instances:
qselect: min=0.01449000 max=0.03068200 mean=0.02064093 total=0.30961400
rmedian_qselect: min=0.03447100 max=0.03816200 mean=0.03582367 total=0.53735500
quicksort: min=0.23534500 max=0.25866600 mean=0.24728947 total=3.70934200
mergesort: min=0.32325900 max=0.33261300 mean=0.32645280 total=4.89679200
rmedian: min=0.05946800 max=0.06985100 mean=0.06263613 total=0.93954200

Random instances:
qselect: min=0.01248700 max=0.03899800 mean=0.02248419 total=1.57389300
rmedian_qselect: min=0.03404000 max=0.04049000 mean=0.03602529 total=2.52177000
quicksort: min=0.24353900 max=0.26651900 mean=0.25306539 total=17.71457700
mergesort: min=0.39706300 max=0.40827900 mean=0.40039161 total=28.02741300
rmedian: min=0.05955100 max=0.06731900 mean=0.06281120 total=4.39678400
problems: 0

Ascending instances:
qselect & 0.01225900 & 0.03180900 & 0.02111927 & 0.31678900 \\
rmedian_qselect & 0.03374800 & 0.03725300 & 0.03572167 & 0.53582500 \\
quicksort & 0.23792200 & 0.24938600 & 0.24414540 & 3.66218100 \\
mergesort & 0.31680300 & 0.32050200 & 0.31914867 & 4.78723000 \\
rmedian & 0.06020600 & 0.06623700 & 0.06258440 & 0.93876600 \\

Descending instances:
qselect & 0.01449000 & 0.03068200 & 0.02064093 & 0.30961400 \\
rmedian_qselect & 0.03447100 & 0.03816200 & 0.03582367 & 0.53735500 \\
quicksort & 0.23534500 & 0.25866600 & 0.24728947 & 3.70934200 \\
mergesort & 0.32325900 & 0.33261300 & 0.32645280 & 4.89679200 \\
rmedian & 0.05946800 & 0.06985100 & 0.06263613 & 0.93954200 \\

Random instances:
qselect & 0.01248700 & 0.03899800 & 0.02248419 & 1.57389300 \\
rmedian_qselect & 0.03404000 & 0.04049000 & 0.03602529 & 2.52177000 \\
quicksort & 0.24353900 & 0.26651900 & 0.25306539 & 17.71457700 \\
mergesort & 0.39706300 & 0.40827900 & 0.40039161 & 28.02741300 \\
rmedian & 0.05955100 & 0.06731900 & 0.06281120 & 4.39678400 \\
